
=== Tue Aug 17 15:22:04 2021

Packages were changed.
Update Mode: mergeDefaultDependencies

The following packages were added:
  com.unity.package-manager-ui@2.2.0
  com.unity.ext.nunit@1.0.0
  com.unity.test-framework@1.0.13
  com.unity.ide.vscode@1.0.7
  com.unity.ide.rider@1.1.0
  com.unity.ugui@1.0.0
  com.unity.modules.androidjni@1.0.0
The following packages were updated:
  com.unity.collab-proxy from version 1.2.9 to 1.2.16
  com.unity.textmeshpro from version 2.0.0 to 2.0.1
  com.unity.timeline from version 0.0.0-builtin to 1.1.0

=== Thu Aug 19 15:29:55 2021

Packages were changed.
Update Mode: updateDependencies

The following packages were added:
  com.unity.ide.visualstudio@2.0.9
The following packages were updated:
  com.unity.collab-proxy from version 1.2.16 to 1.5.7
  com.unity.ext.nunit from version 1.0.0 to 1.0.6
  com.unity.ide.rider from version 1.1.0 to 3.0.7
  com.unity.ide.vscode from version 1.0.7 to 1.2.3
  com.unity.test-framework from version 1.0.13 to 1.1.26
  com.unity.textmeshpro from version 2.0.1 to 3.0.6
  com.unity.timeline from version 1.1.0 to 1.5.5
The following packages were removed:
  com.unity.package-manager-ui@2.2.0

=== Tue Mar 15 17:56:01 2022

Packages were changed.
Update Mode: updateDependencies

The following packages were updated:
  com.unity.collab-proxy from version 1.5.7 to 1.15.13
  com.unity.ide.rider from version 3.0.7 to 3.0.12
  com.unity.ide.visualstudio from version 2.0.9 to 2.0.14
  com.unity.ide.vscode from version 1.2.3 to 1.2.5
  com.unity.test-framework from version 1.1.26 to 1.1.31
  com.unity.timeline from version 1.5.5 to 1.6.4
